
Showing logs for build [32mcb-kubecd-bdd-gh-1589306181-pr-wjcxg-1[0m stage [32mfrom-build-pack[0m and container [32mstep-credential-initializer-dm4js[0m
{"level":"info","ts":1589306666.7364216,"logger":"fallback-logger","caller":"logging/config.go:69","msg":"Fetch GitHub commit ID from kodata failed: open /var/run/ko/refs/heads/0.8.0-ns-support: no such file or directory"}
{"level":"info","ts":1589306666.7369297,"logger":"fallback-logger","caller":"creds-init/main.go:40","msg":"Credentials initialized."}

Showing logs for build [32mcb-kubecd-bdd-gh-1589306181-pr-wjcxg-1[0m stage [32mfrom-build-pack[0m and container [32mstep-working-dir-initializer-45xbv[0m
{"level":"info","ts":1589306667.4216266,"logger":"fallback-logger","caller":"logging/config.go:69","msg":"Fetch GitHub commit ID from kodata failed: open /var/run/ko/HEAD: no such file or directory"}
{"level":"info","ts":1589306667.4227376,"logger":"fallback-logger","caller":"bash/main.go:64","msg":"Successfully executed command \"sh -c mkdir -p /workspace/source\"; output "}

Showing logs for build [32mcb-kubecd-bdd-gh-1589306181-pr-wjcxg-1[0m stage [32mfrom-build-pack[0m and container [32mstep-place-tools[0m

Showing logs for build [32mcb-kubecd-bdd-gh-1589306181-pr-wjcxg-1[0m stage [32mfrom-build-pack[0m and container [32mstep-git-source-cb-kubecd-bdd-gh-1589306181-pr-wjcxg-rdvc2[0m
{"level":"info","ts":1589306673.6105833,"logger":"fallback-logger","caller":"logging/config.go:69","msg":"Fetch GitHub commit ID from kodata failed: open /var/run/ko/refs/heads/0.8.0-ns-support: no such file or directory"}
{"level":"info","ts":1589306674.6482852,"logger":"fallback-logger","caller":"git/git.go:103","msg":"Successfully cloned https://github.com/cb-kubecd/bdd-gh-1589306181.git @ master in path /workspace/source"}

Showing logs for build [32mcb-kubecd-bdd-gh-1589306181-pr-wjcxg-1[0m stage [32mfrom-build-pack[0m and container [32mstep-git-merge[0m
Using SHAs from PULL_REFS=master:2da94688ef8956bd083a1f4759eadf2a1631ee72,1:95eb6fe6adfbf3fcdda47524484aa0dfe4c11907
DEBUG: LC_ALL=C JX_LOG_LEVEL=error git fetch origin --unshallow 95eb6fe6adfbf3fcdda47524484aa0dfe4c11907: 2da94688ef8956bd083a1f4759eadf2a1631ee72:
DEBUG: ran git fetch --unshallow origin 95eb6fe6adfbf3fcdda47524484aa0dfe4c11907: 2da94688ef8956bd083a1f4759eadf2a1631ee72: in 
DEBUG: JX_LOG_LEVEL=error LC_ALL=C git branch
DEBUG: LC_ALL=C JX_LOG_LEVEL=error git checkout master
DEBUG: ran git checkout master in 
DEBUG: LC_ALL=C JX_LOG_LEVEL=error git reset --hard 2da94688ef8956bd083a1f4759eadf2a1631ee72
DEBUG: ran git reset --hard 2da94688ef8956bd083a1f4759eadf2a1631ee72 in 
DEBUG: LC_ALL=C JX_LOG_LEVEL=error git clean -fd .
DEBUG: ran clean --force -d . in 
DEBUG: LC_ALL=C JX_LOG_LEVEL=error git merge 95eb6fe6adfbf3fcdda47524484aa0dfe4c11907
DEBUG: ran git merge 95eb6fe6adfbf3fcdda47524484aa0dfe4c11907 in 
DEBUG: LC_ALL=C JX_LOG_LEVEL=error git log --format=%H%x1f%an%x1f%ae%x1f%cn%x1f%ce%x1f%s%n%b%x1e 2da94688ef8956bd083a1f4759eadf2a1631ee72..HEAD
Merged SHA 95eb6fe6adfbf3fcdda47524484aa0dfe4c11907 with commit message 'My first PR commit' into base branch master

Showing logs for build [32mcb-kubecd-bdd-gh-1589306181-pr-wjcxg-1[0m stage [32mfrom-build-pack[0m and container [32mstep-build-make-linux[0m
CGO_ENABLED=0 GOOS=linux GOARCH=amd64 GO15VENDOREXPERIMENT=1 go build -ldflags '' -o bin/bdd-gh-1589306181 main.go

Showing logs for build [32mcb-kubecd-bdd-gh-1589306181-pr-wjcxg-1[0m stage [32mfrom-build-pack[0m and container [32mstep-build-container-build[0m
ERROR: logging before flag.Parse: E0512 18:04:41.394356      10 metadata.go:241] Failed to unmarshal scopes: in***** character 'h' looking for beginning of value
[36mINFO[0m[0000] Resolved base name scratch to scratch        
[36mINFO[0m[0000] Using dockerignore file: /workspace/source/.dockerignore 
[36mINFO[0m[0000] Resolved base name scratch to scratch        
[36mINFO[0m[0000] Built cross stage deps: map[]                
[36mINFO[0m[0000] No base image, nothing to extract            
[36mINFO[0m[0000] cmd: EXPOSE                                  
[36mINFO[0m[0000] Adding exposed port: 8080/tcp                
[36mINFO[0m[0000] Checking for cached layer gcr.io/jenkins-x-labs-bdd/cache:ad481d93a1a6d026ba9b7a23ab644a84629a70699a5466b85b98f872c0a9a670... 
[36mINFO[0m[0001] Using caching version of cmd: COPY ./bin/ /  
[36mINFO[0m[0001] Skipping unpacking as no commands require it. 
[36mINFO[0m[0001] Taking snapshot of full filesystem...        
[36mINFO[0m[0001] Resolving paths                              
[36mINFO[0m[0001] EXPOSE 8080                                  
[36mINFO[0m[0001] cmd: EXPOSE                                  
[36mINFO[0m[0001] Adding exposed port: 8080/tcp                
[36mINFO[0m[0001] No files changed in this command, skipping snapshotting. 
[36mINFO[0m[0001] ENTRYPOINT ["/bdd-gh-1589306181"]            
[36mINFO[0m[0001] No files changed in this command, skipping snapshotting. 
[36mINFO[0m[0001] COPY ./bin/ /                                
[36mINFO[0m[0001] Found cached layer, extracting to filesystem 

Showing logs for build [32mcb-kubecd-bdd-gh-1589306181-pr-wjcxg-1[0m stage [32mfrom-build-pack[0m and container [32mstep-promote-make-preview[0m
sed -i -e "s/version:.*/version: 0.0.0-SNAPSHOT-PR-1-1/" Chart.yaml
sed -i -e "s/version:.*/version: 0.0.0-SNAPSHOT-PR-1-1/" ../*/Chart.yaml
sed -i -e "s|repository:.*|repository: gcr.io\/jenkins-x-labs-bdd\/bdd-gh-1589306181|" values.yaml
sed -i -e "s/tag:.*/tag: 0.0.0-SNAPSHOT-PR-1-1/" values.yaml
echo "  version: 0.0.0-SNAPSHOT-PR-1-1" >> requirements.yaml
** step helm build
WARNING: No $CHART_REPOSITORY defined so using the default value of: http://jenkins-x-chartmuseum:8080
Adding missing Helm repo: storage.googleapis.com https://storage.googleapis.com/chartmuseum.jenkins-x.io
Successfully added Helm repository storage.googleapis.com.
Adding missing Helm repo: jenkins-x-chartmuseum http://jenkins-x-chartmuseum:8080
Successfully added Helm repository jenkins-x-chartmuseum.
WARNING: No $CHART_REPOSITORY defined so using the default value of: http://jenkins-x-chartmuseum:8080

Showing logs for build [32mcb-kubecd-bdd-gh-1589306181-pr-wjcxg-1[0m stage [32mfrom-build-pack[0m and container [32mstep-promote-jx-preview[0m
Creating a preview
Created environment cb-kubecd-bdd-gh-1589306181-pr-1
Namespace **-cb-kubecd-bdd-gh-1589306181-pr-1 created 
expose:
  Annotations:
    helm.sh/hook: post-install,post-upgrade
    helm.sh/hook-delete-policy: hook-succeeded
  config:
    domain: 34.78.245.239.nip.io
    exposer: Ingress
    http: "true"
preview:
  image:
    repository: gcr.io/jenkins-x-labs-bdd/bdd-gh-1589306181
    tag: 0.0.0-SNAPSHOT-PR-1-1
adding helm values file /workspace/source/charts/preview/**Requirements.values.yaml for namespace **-cb-kubecd-bdd-gh-1589306181-pr-1
Updating PipelineActivities cb-kubecd-bdd-gh-1589306181-pr-1-1 which has status Running
WARNING: preview application http://bdd-gh-1589306181-**-cb-kubecd-bdd-gh-1589306181-pr-1.34.78.245.239.nip.io not available, error was 503 503 Service Temporarily Unavailable, delaying for: 1.252573036s
Preview application is now available at: http://bdd-gh-1589306181-**-cb-kubecd-bdd-gh-1589306181-pr-1.34.78.245.239.nip.io
